<?xml version="1.0" encoding="UTF-8"?>
<!-- Generated by org.testng.reporters.JUnitReportReporter -->
<testsuite skipped="0" hostname="DESKTOP-M9048RM" name="testScenarios.HomeScreen" tests="4" failures="0" timestamp="28 Jul 2021 08:38:21 GMT" time="17.145" errors="0">
  <testcase name="searchMobile" time="4.420" classname="testScenarios.HomeScreen"/>
  <testcase name="fetchallMobileData" time="5.373" classname="testScenarios.HomeScreen"/>
  <testcase name="loginandVerify" time="0.030" classname="testScenarios.HomeScreen"/>
  <testcase name="Login" time="7.322" classname="testScenarios.HomeScreen"/>
</testsuite> <!-- testScenarios.HomeScreen -->
