<?xml version="1.0" encoding="UTF-8"?>
<!-- Generated by org.testng.reporters.JUnitReportReporter -->
<testsuite skipped="0" hostname="DESKTOP-M9048RM" name="testScenarios.Problem2" tests="6" failures="0" timestamp="28 Jul 2021 17:50:11 GMT" time="50.480" errors="0">
  <testcase name="iPhone" time="0.203" classname="testScenarios.Problem2"/>
  <testcase name="seliPhone" time="5.427" classname="testScenarios.Problem2"/>
  <testcase name="loginandVerify" time="0.026" classname="testScenarios.Problem2"/>
  <testcase name="addProduct" time="5.470" classname="testScenarios.Problem2"/>
  <testcase name="product_checkout" time="33.494" classname="testScenarios.Problem2"/>
  <testcase name="Login" time="5.860" classname="testScenarios.Problem2"/>
</testsuite> <!-- testScenarios.Problem2 -->
